<?xml version="1.0" encoding="UTF-8"?>
<!-- Generated by org.testng.reporters.JUnitXMLReporter -->
<testsuite ignored="0" hostname="Ibrahim" failures="0" tests="5" name="InvalidLogin" time="10.124" errors="0" timestamp="2024-03-02T21:04:31 EST">
  <testcase classname="testCases.InvalidLogin" name="InvalidSignIn" time="0.339"/>
  <testcase classname="testCases.InvalidLogin" name="InvalidSignIn" time="0.303"/>
  <testcase classname="testCases.InvalidLogin" name="InvalidSignIn" time="0.319"/>
  <testcase classname="testCases.InvalidLogin" name="InvalidSignIn" time="0.326"/>
  <testcase classname="testCases.InvalidLogin" name="InvalidSignIn" time="0.344"/>
</testsuite> <!-- InvalidLogin -->
