<?xml version="1.0" encoding="UTF-8"?>
<!-- Generated by org.testng.reporters.JUnitXMLReporter -->
<testsuite ignored="0" hostname="Ibrahim" failures="0" tests="5" name="InvalidLogin" time="10.377" errors="0" timestamp="2024-03-02T22:59:34 EST">
  <testcase classname="testCases.InvalidLogin" name="InvalidSignIn" time="0.323"/>
  <testcase classname="testCases.InvalidLogin" name="InvalidSignIn" time="0.307"/>
  <testcase classname="testCases.InvalidLogin" name="InvalidSignIn" time="0.288"/>
  <testcase classname="testCases.InvalidLogin" name="InvalidSignIn" time="0.317"/>
  <testcase classname="testCases.InvalidLogin" name="InvalidSignIn" time="0.287"/>
</testsuite> <!-- InvalidLogin -->
