<?xml version="1.0" encoding="UTF-8"?>
<!-- Generated by org.testng.reporters.JUnitXMLReporter -->
<testsuite ignored="0" hostname="Ibrahim" failures="0" tests="7" name="Test" time="15.853" errors="0" timestamp="2024-03-02T23:06:05 EST">
  <testcase classname="testCases.InvalidLogin" name="InvalidSignIn" time="0.357"/>
  <testcase classname="testCases.InvalidLogin" name="InvalidSignIn" time="0.305"/>
  <testcase classname="testCases.InvalidLogin" name="InvalidSignIn" time="0.315"/>
  <testcase classname="testCases.InvalidLogin" name="InvalidSignIn" time="0.345"/>
  <testcase classname="testCases.InvalidLogin" name="InvalidSignIn" time="0.328"/>
  <testcase classname="testCases.ValidLogin" name="validlogin" time="0.841"/>
  <testcase classname="testCases.End2End" name="EndToEnd" time="1.194"/>
</testsuite> <!-- Test -->
